Jul 14 15:08:19	Jul 14 15:08:19 - ERROR - File 
Jul 14 15:08:19	resources/settings.json
Jul 14 15:08:19	 does not exist! Cannot load settings from INI File!
Jul 14 15:08:20	Jul 14 15:08:20 - ERROR - Could not load icon 
Jul 14 15:08:20	resources/images/app_icons/cytopia_icon.png
Jul 14 15:08:20	
SDL_IMAGE Error: 
Jul 14 15:08:20	Couldn't open resources/images/app_icons/cytopia_icon.png
Jul 28 13:18:42	Jul 28 13:18:42 - ERROR - File 
Jul 28 13:18:42	resources/settings.json
Jul 28 13:18:42	 does not exist! Cannot load settings from INI File!
Jul 28 13:18:43	Jul 28 13:18:43 - ERROR - Could not load icon 
Jul 28 13:18:43	resources/images/app_icons/cytopia_icon.png
Jul 28 13:18:43	
SDL_IMAGE Error: 
Jul 28 13:18:43	Couldn't open resources/images/app_icons/cytopia_icon.png
Jul 28 13:25:52	Jul 28 13:25:52 - ERROR - File 
Jul 28 13:25:52	resources/settings.json
Jul 28 13:25:52	 does not exist! Cannot load settings from INI File!
Jul 28 13:25:52	Jul 28 13:25:52 - ERROR - Could not load icon 
Jul 28 13:25:52	resources/images/app_icons/cytopia_icon.png
Jul 28 13:25:52	
SDL_IMAGE Error: 
Jul 28 13:25:52	Couldn't open resources/images/app_icons/cytopia_icon.png
Jul 28 15:47:37	Jul 28 15:47:37 - ERROR - File 
Jul 28 15:47:37	resources/settings.json
Jul 28 15:47:37	 does not exist! Cannot load settings from INI File!
Jul 28 15:47:37	Jul 28 15:47:37 - ERROR - Could not load icon 
Jul 28 15:47:37	resources/images/app_icons/cytopia_icon.png
Jul 28 15:47:37	
SDL_IMAGE Error: 
Jul 28 15:47:37	Couldn't open resources/images/app_icons/cytopia_icon.png
Jul 28 23:38:08	Jul 28 23:38:08 - ERROR - File 
Jul 28 23:38:08	resources/settings.json
Jul 28 23:38:08	 does not exist! Cannot load settings from INI File!
Jul 28 23:38:09	Jul 28 23:38:09 - ERROR - Could not load icon 
Jul 28 23:38:09	resources/images/app_icons/cytopia_icon.png
Jul 28 23:38:09	
SDL_IMAGE Error: 
Jul 28 23:38:09	Couldn't open resources/images/app_icons/cytopia_icon.png
Jul 29 19:48:57	Jul 29 19:48:57 - ERROR - Could not load icon 
Jul 29 19:48:57	resources/images/app_icons/cytopia_icon.png
Jul 29 19:48:58	
SDL_IMAGE Error: 
Jul 29 19:48:58	Couldn't open resources/images/app_icons/cytopia_icon.png
Jul 29 19:48:58	Jul 29 19:48:58 - ERROR - Could not load Texture from file 
Jul 29 19:48:58	resources/images/ui/buttons/Construction Menu pressed.png
Jul 29 19:48:58	
SDL_IMAGE Error: 
Jul 29 19:48:58	Couldn't open resources/images/ui/buttons/Construction Menu pressed.png
Jul 29 19:48:58	Jul 29 19:48:58 - ERROR - Texture could not be created! SDL Error: 
Jul 29 19:48:58	SDL_CreateTextureFromSurface() passed NULL surface
Jul 29 19:48:58	Jul 29 19:48:58 - ERROR - Could not load Texture from file 
Jul 29 19:48:58	resources/images/ui/buttons/Construction Menu.png
Jul 29 19:48:58	
SDL_IMAGE Error: 
Jul 29 19:48:58	Couldn't open resources/images/ui/buttons/Construction Menu.png
Jul 29 19:48:58	Jul 29 19:48:58 - ERROR - Texture could not be created! SDL Error: 
Jul 29 19:48:58	SDL_CreateTextureFromSurface() passed NULL surface
Jul 29 19:48:58	Jul 29 19:48:58 - ERROR - Could not load Texture from file 
Jul 29 19:48:58	resources/images/ui/buttons/Construction Menu hover.png
Jul 29 19:48:58	
SDL_IMAGE Error: 
Jul 29 19:48:58	Couldn't open resources/images/ui/buttons/Construction Menu hover.png
Jul 29 19:48:58	Jul 29 19:48:58 - ERROR - Texture could not be created! SDL Error: 
Jul 29 19:48:58	SDL_CreateTextureFromSurface() passed NULL surface
Jul 29 19:48:58	Jul 29 19:48:58 - ERROR - Could not load Texture from file 
Jul 29 19:48:58	resources/images/ui/buttons/demolish.png
Jul 29 19:48:58	
SDL_IMAGE Error: 
Jul 29 19:48:58	Couldn't open resources/images/ui/buttons/demolish.png
Jul 29 19:48:58	Jul 29 19:48:58 - ERROR - Texture could not be created! SDL Error: 
Jul 29 19:48:58	SDL_CreateTextureFromSurface() passed NULL surface
Jul 29 19:48:58	Jul 29 19:48:58 - ERROR - Could not load Texture from file 
Jul 29 19:48:58	resources/images/ui/buttons/levelTerrain.png
Jul 29 19:48:58	
SDL_IMAGE Error: 
Jul 29 19:48:58	Couldn't open resources/images/ui/buttons/levelTerrain.png
Jul 29 19:48:58	Jul 29 19:48:58 - ERROR - Texture could not be created! SDL Error: 
Jul 29 19:48:58	SDL_CreateTextureFromSurface() passed NULL surface
Jul 29 19:48:58	Jul 29 19:48:58 - ERROR - Could not load Texture from file 
Jul 29 19:48:58	resources/images/ui/buttons/lowerTerrain.png
Jul 29 19:48:58	
SDL_IMAGE Error: 
Jul 29 19:48:58	Couldn't open resources/images/ui/buttons/lowerTerrain.png
Jul 29 19:48:58	Jul 29 19:48:58 - ERROR - Texture could not be created! SDL Error: 
Jul 29 19:48:58	SDL_CreateTextureFromSurface() passed NULL surface
Jul 29 19:48:58	Jul 29 19:48:58 - ERROR - Could not load Texture from file 
Jul 29 19:48:58	resources/images/ui/buttons/raiseTerrain.png
Jul 29 19:48:58	
SDL_IMAGE Error: 
Jul 29 19:48:58	Couldn't open resources/images/ui/buttons/raiseTerrain.png
Jul 29 19:48:58	Jul 29 19:48:58 - ERROR - Texture could not be created! SDL Error: 
Jul 29 19:48:58	SDL_CreateTextureFromSurface() passed NULL surface
Jul 29 19:48:58	Jul 29 19:48:58 - ERROR - Could not load Texture from file 
Jul 29 19:48:58	resources/images/ui/buttons/water.png
Jul 29 19:48:58	
SDL_IMAGE Error: 
Jul 29 19:48:58	Couldn't open resources/images/ui/buttons/water.png
Jul 29 19:48:58	Jul 29 19:48:58 - ERROR - Texture could not be created! SDL Error: 
Jul 29 19:48:58	SDL_CreateTextureFromSurface() passed NULL surface
Jul 29 19:48:58	Jul 29 19:48:58 - ERROR - Could not load Texture from file 
Jul 29 19:48:58	resources/images/ui/buttons/Debug Menu pressed.png
Jul 29 19:48:58	
SDL_IMAGE Error: 
Jul 29 19:48:58	Couldn't open resources/images/ui/buttons/Debug Menu pressed.png
Jul 29 19:48:58	Jul 29 19:48:58 - ERROR - Texture could not be created! SDL Error: 
Jul 29 19:48:58	SDL_CreateTextureFromSurface() passed NULL surface
Jul 29 19:48:58	Jul 29 19:48:58 - ERROR - Could not load Texture from file 
Jul 29 19:48:58	resources/images/ui/buttons/Debug Menu.png
Jul 29 19:48:58	
SDL_IMAGE Error: 
Jul 29 19:48:58	Couldn't open resources/images/ui/buttons/Debug Menu.png
Jul 29 19:48:58	Jul 29 19:48:58 - ERROR - Texture could not be created! SDL Error: 
Jul 29 19:48:58	SDL_CreateTextureFromSurface() passed NULL surface
Jul 29 19:48:58	Jul 29 19:48:58 - ERROR - Could not load Texture from file 
Jul 29 19:48:58	resources/images/ui/buttons/Debug Menu hover.png
Jul 29 19:48:58	
SDL_IMAGE Error: 
Jul 29 19:48:58	Couldn't open resources/images/ui/buttons/Debug Menu hover.png
Jul 29 19:48:58	Jul 29 19:48:58 - ERROR - Texture could not be created! SDL Error: 
Jul 29 19:48:58	SDL_CreateTextureFromSurface() passed NULL surface
Jul 29 19:48:58	Jul 29 19:48:58 - ERROR - Could not load Texture from file 
Jul 29 19:48:58	resources/images/ui/buttons/no_icon.png
Jul 29 19:48:58	
SDL_IMAGE Error: 
Jul 29 19:48:58	Couldn't open resources/images/ui/buttons/no_icon.png
Jul 29 19:48:58	Jul 29 19:48:58 - ERROR - Texture could not be created! SDL Error: 
Jul 29 19:48:58	SDL_CreateTextureFromSurface() passed NULL surface
Jul 29 19:48:58	Jul 29 19:48:58 - ERROR - Could not load Texture from file 
Jul 29 19:48:58	resources/images/ui/buttons/Power Menu pressed.png
Jul 29 19:48:58	
SDL_IMAGE Error: 
Jul 29 19:48:58	Couldn't open resources/images/ui/buttons/Power Menu pressed.png
Jul 29 19:48:58	Jul 29 19:48:58 - ERROR - Texture could not be created! SDL Error: 
Jul 29 19:48:58	SDL_CreateTextureFromSurface() passed NULL surface
Jul 29 19:48:58	Jul 29 19:48:58 - ERROR - Could not load Texture from file 
Jul 29 19:48:58	resources/images/ui/buttons/Power Menu.png
Jul 29 19:48:58	
SDL_IMAGE Error: 
Jul 29 19:48:58	Couldn't open resources/images/ui/buttons/Power Menu.png
Jul 29 19:48:58	Jul 29 19:48:58 - ERROR - Texture could not be created! SDL Error: 
Jul 29 19:48:58	SDL_CreateTextureFromSurface() passed NULL surface
Jul 29 19:48:58	Jul 29 19:48:58 - ERROR - Could not load Texture from file 
Jul 29 19:48:58	resources/images/ui/buttons/Power Menu hover.png
Jul 29 19:48:58	
SDL_IMAGE Error: 
Jul 29 19:48:58	Couldn't open resources/images/ui/buttons/Power Menu hover.png
Jul 29 19:48:58	Jul 29 19:48:58 - ERROR - Texture could not be created! SDL Error: 
Jul 29 19:48:58	SDL_CreateTextureFromSurface() passed NULL surface
Jul 29 19:48:58	Jul 29 19:48:58 - ERROR - Could not load Texture from file 
Jul 29 19:48:58	resources/images/ui/buttons/Roads Menu pressed.png
Jul 29 19:48:58	
SDL_IMAGE Error: 
Jul 29 19:48:58	Couldn't open resources/images/ui/buttons/Roads Menu pressed.png
Jul 29 19:48:58	Jul 29 19:48:58 - ERROR - Texture could not be created! SDL Error: 
Jul 29 19:48:58	SDL_CreateTextureFromSurface() passed NULL surface
Jul 29 19:48:58	Jul 29 19:48:58 - ERROR - Could not load Texture from file 
Jul 29 19:48:58	resources/images/ui/buttons/Roads Menu.png
Jul 29 19:48:58	
SDL_IMAGE Error: 
Jul 29 19:48:58	Couldn't open resources/images/ui/buttons/Roads Menu.png
Jul 29 19:48:58	Jul 29 19:48:58 - ERROR - Texture could not be created! SDL Error: 
Jul 29 19:48:58	SDL_CreateTextureFromSurface() passed NULL surface
Jul 29 19:48:58	Jul 29 19:48:58 - ERROR - Could not load Texture from file 
Jul 29 19:48:58	resources/images/ui/buttons/Roads Menu hover.png
Jul 29 19:48:58	
SDL_IMAGE Error: 
Jul 29 19:48:58	Couldn't open resources/images/ui/buttons/Roads Menu hover.png
Jul 29 19:48:58	Jul 29 19:48:58 - ERROR - Texture could not be created! SDL Error: 
Jul 29 19:48:58	SDL_CreateTextureFromSurface() passed NULL surface
Jul 29 19:48:58	Jul 29 19:48:58 - ERROR - Could not load Texture from file 
Jul 29 19:48:58	resources/images/ui/buttons/country_road.png
Jul 29 19:48:58	
SDL_IMAGE Error: 
Jul 29 19:48:58	Couldn't open resources/images/ui/buttons/country_road.png
Jul 29 19:48:58	Jul 29 19:48:58 - ERROR - Texture could not be created! SDL Error: 
Jul 29 19:48:58	SDL_CreateTextureFromSurface() passed NULL surface
Jul 29 19:48:58	Jul 29 19:48:58 - ERROR - Could not load Texture from file 
Jul 29 19:48:58	resources/images/ui/buttons/dirt_road.png
Jul 29 19:48:58	
SDL_IMAGE Error: 
Jul 29 19:48:58	Couldn't open resources/images/ui/buttons/dirt_road.png
Jul 29 19:48:58	Jul 29 19:48:58 - ERROR - Texture could not be created! SDL Error: 
Jul 29 19:48:58	SDL_CreateTextureFromSurface() passed NULL surface
Jul 29 19:48:58	Jul 29 19:48:58 - ERROR - Could not load Texture from file 
Jul 29 19:48:58	resources/images/ui/buttons/paved_road.png
Jul 29 19:48:58	
SDL_IMAGE Error: 
Jul 29 19:48:58	Couldn't open resources/images/ui/buttons/paved_road.png
Jul 29 19:48:58	Jul 29 19:48:58 - ERROR - Texture could not be created! SDL Error: 
Jul 29 19:48:58	SDL_CreateTextureFromSurface() passed NULL surface
Jul 29 19:48:58	Jul 29 19:48:58 - ERROR - Could not load Texture from file 
Jul 29 19:48:58	resources/images/ui/buttons/Water Menu pressed.png
Jul 29 19:48:58	
SDL_IMAGE Error: 
Jul 29 19:48:58	Couldn't open resources/images/ui/buttons/Water Menu pressed.png
Jul 29 19:48:58	Jul 29 19:48:58 - ERROR - Texture could not be created! SDL Error: 
Jul 29 19:48:58	SDL_CreateTextureFromSurface() passed NULL surface
Jul 29 19:48:58	Jul 29 19:48:58 - ERROR - Could not load Texture from file 
Jul 29 19:48:58	resources/images/ui/buttons/Water Menu.png
Jul 29 19:48:58	
SDL_IMAGE Error: 
Jul 29 19:48:58	Couldn't open resources/images/ui/buttons/Water Menu.png
Jul 29 19:48:58	Jul 29 19:48:58 - ERROR - Texture could not be created! SDL Error: 
Jul 29 19:48:58	SDL_CreateTextureFromSurface() passed NULL surface
Jul 29 19:48:58	Jul 29 19:48:58 - ERROR - Could not load Texture from file 
Jul 29 19:48:58	resources/images/ui/buttons/Water Menu hover.png
Jul 29 19:48:58	
SDL_IMAGE Error: 
Jul 29 19:48:58	Couldn't open resources/images/ui/buttons/Water Menu hover.png
Jul 29 19:48:58	Jul 29 19:48:58 - ERROR - Texture could not be created! SDL Error: 
Jul 29 19:48:58	SDL_CreateTextureFromSurface() passed NULL surface
Jul 29 19:48:58	Jul 29 19:48:58 - ERROR - Could not load Texture from file 
Jul 29 19:48:58	resources/images/app_icons/logo_big_textured.png
Jul 29 19:48:58	
SDL_IMAGE Error: 
Jul 29 19:48:58	Couldn't open resources/images/app_icons/logo_big_textured.png
Jul 29 19:48:58	Jul 29 19:48:58 - ERROR - Texture could not be created! SDL Error: 
Jul 29 19:48:58	SDL_CreateTextureFromSurface() passed NULL surface
Jul 29 19:48:58	Jul 29 19:48:58 - ERROR - Texture 
Jul 29 19:48:58	Cytopia_Logo
Jul 29 19:48:58	 could not be loaded!
Jul 29 19:48:58	Jul 29 19:48:58 - ERROR - Failed to load font!

Jul 29 19:48:58	Couldn't open resources/fonts/arcadeclassics.ttf
Jul 29 19:48:58	Jul 29 19:48:58 - ERROR - Failed to load font!

Jul 29 19:48:58	Couldn't open resources/fonts/arcadeclassics.ttf
Jul 29 19:48:58	Jul 29 19:48:58 - ERROR - Failed to load font!

Jul 29 19:48:58	Couldn't open resources/fonts/arcadeclassics.ttf
Jul 29 19:48:58	Jul 29 19:48:58 - ERROR - Failed to load font!

Jul 29 19:48:58	Couldn't open resources/fonts/arcadeclassics.ttf
Jul 29 19:53:08	Jul 29 19:53:08 - ERROR - File 
Jul 29 19:53:08	resources/settings.json
Jul 29 19:53:08	 does not exist! Cannot load settings from INI File!
Jul 29 19:53:08	Jul 29 19:53:08 - ERROR - Could not load icon 
Jul 29 19:53:08	resources/images/app_icons/cytopia_icon.png
Jul 29 19:53:08	
SDL_IMAGE Error: 
Jul 29 19:53:08	Couldn't open resources/images/app_icons/cytopia_icon.png
Jul 30 01:10:44	Jul 30 01:10:44 - ERROR - Failed to create text surface!

Jul 30 01:10:44	Text has zero width
Jul 30 01:10:48	Jul 30 01:10:48 - ERROR - Failed to create text surface!

Jul 30 01:10:48	Text has zero width
