Jun 16 10:18:32	Jun 16 10:18:32 - ERROR - No texture found for 
Jun 16 10:18:32	UNLOADED
Jun 16 10:18:32	Jun 16 10:18:32 - ERROR - No texture found for 
Jun 16 10:18:32	UNLOADED
Jun 16 10:18:32	Jun 16 10:18:32 - ERROR - No texture found for 
Jun 16 10:18:32	UNLOADED
Jun 16 10:18:32	Jun 16 10:18:32 - ERROR - No texture found for 
Jun 16 10:18:32	UNLOADED
Jun 16 10:18:32	Jun 16 10:18:32 - ERROR - No surface found for 
Jun 16 10:18:32	UNLOADED
Jun 16 10:18:32	Jun 16 10:18:32 - ERROR - No surface found for 
Jun 16 10:18:32	UNLOADED
Jun 16 10:18:32	Jun 16 10:18:32 - ERROR - Could not load Texture from file 
Jun 16 10:18:32	__NOT_A_FILE__
Jun 16 10:18:32	
SDL_IMAGE Error: 
Jun 16 10:18:32	Couldn't open __NOT_A_FILE__
Jun 16 10:18:32	Jun 16 10:18:32 - ERROR - Texture could not be created! SDL Error: 
Jun 16 10:18:32	SDL_CreateTextureFromSurface() passed NULL surface
Jun 16 10:18:32	Jun 16 10:18:32 - ERROR - Could not load Texture from file 
Jun 16 10:18:32	__NOT_A_FILE__
Jun 16 10:18:32	
SDL_IMAGE Error: 
Jun 16 10:18:32	Couldn't open __NOT_A_FILE__
Jun 16 10:18:32	Jun 16 10:18:32 - ERROR - Texture could not be created! SDL Error: 
Jun 16 10:18:32	SDL_CreateTextureFromSurface() passed NULL surface
Jun 16 10:18:43	Jun 16 10:18:43 - ERROR - Failed to load MO file 
Jun 16 10:18:43	/home/archman/CodeProj/cpp_projects/cytopia-myfork/Cytopia/install/languages/en/Cytopia.mo
Jun 16 10:20:06	Jun 16 10:20:06 - ERROR - Could not load savegame file 
Jun 16 10:20:06	resources/save.cts
Jun 17 09:45:54	Jun 17 09:45:54 - ERROR - Failed to load MO file 
Jun 17 09:45:54	/home/archman/CodeProj/cpp_projects/cytopia-myfork/Cytopia/install/languages/en/Cytopia.mo
